
 6:05:41  Mission file: dzn-brv-1
 6:05:41  Mission world: Altis
 6:05:41  Mission directory: C:\Users\Zoduis\Documents\Arma 3 - Other Profiles\10Dozen\missions\dzn-brv-1.Altis\
 6:05:43 Attempt to override final function - bis_functions_list
 6:05:43 Attempt to override final function - bis_functions_listpreinit
 6:05:43 Attempt to override final function - bis_functions_listpostinit
 6:05:43 Attempt to override final function - bis_functions_listrecompile
 6:05:44 Attempt to override final function - bis_fnc_missiontaskslocal
 6:05:44 Attempt to override final function - bis_fnc_missionconversationslocal
 6:05:44 Attempt to override final function - bis_fnc_missionflow
 6:05:44 "<AAR-Altis76232><meta><core>{ "island": "Altis", "name": "dzn-brv-2", "guid": "Altis76232" }</core></meta></AAR-Altis76232>"
 6:05:44 "<AAR-Altis76232><meta><unit>{ "unitMeta": [0,"10Dozen","blufor",1] }</unit></meta></AAR-Altis76232>"
 6:05:44 "<AAR-Altis76232><meta><veh>{ "vehMeta": [500,"Strider"] }</veh></meta></AAR-Altis76232>"
 6:05:44 "<AAR-Altis76232><0><unit>[0,25300,21790,0,1,-1]</unit></0></AAR-Altis76232>"
 6:05:44 "<AAR-Altis76232><0><veh>[500,25315,21789,205,1,-1,-1]</veh></0></AAR-Altis76232>"
 6:05:45 "<AAR-Altis76232><1><unit>[0,25300,21790,0,1,-1]</unit></1></AAR-Altis76232>"
 6:05:45 "<AAR-Altis76232><1><veh>[500,25315,21789,205,1,-1,-1]</veh></1></AAR-Altis76232>"
 6:05:45 "<AAR-Altis76232><2><unit>[0,25300,21790,0,1,-1]</unit></2></AAR-Altis76232>"
 6:05:46 "<AAR-Altis76232><3><unit>[0,25300,21790,75,1,-1]</unit></3></AAR-Altis76232>"
 6:05:47 "<AAR-Altis76232><4><unit>[0,25305,21792,83,1,-1]</unit></4></AAR-Altis76232>"
 6:05:48 "<AAR-Altis76232><5><unit>[0,25309,21791,111,1,-1]</unit></5></AAR-Altis76232>"
 6:05:48 "<AAR-Altis76232><5><veh>[500,25315,21789,205,1,-1,-1]</veh></5></AAR-Altis76232>"
 6:05:48 "<AAR-Altis76232><6><unit>[0,25310,21790,111,1,-1]</unit></6></AAR-Altis76232>"
 6:05:49 "<AAR-Altis76232><7><unit>[0,25313,21789,111,1,-1]</unit></7></AAR-Altis76232>"
 6:05:50 "<AAR-Altis76232><8><unit>[0,25314,21790,115,1,-1]</unit></8></AAR-Altis76232>"
 6:05:51 "<AAR-Altis76232><9><unit>[0,0,0,0,1,500]</unit></9></AAR-Altis76232>"
 6:05:51 "<AAR-Altis76232><9><veh>[500,25315,21788,204,1,0,-1]</veh></9></AAR-Altis76232>"
 6:05:51 "<AAR-Altis76232><10><veh>[500,25315,21787,201,1,0,-1]</veh></10></AAR-Altis76232>"
 6:05:51 "<AAR-Altis76232><10><unit>[0,0,0,0,1,500]</unit></10></AAR-Altis76232>"
 6:05:52 "<AAR-Altis76232><11><veh>[500,25317,21781,164,1,0,-1]</veh></11></AAR-Altis76232>"
 6:05:52 "<AAR-Altis76232><11><unit>[0,0,0,0,1,500]</unit></11></AAR-Altis76232>"
 6:05:53 "<AAR-Altis76232><12><veh>[500,25321,21773,142,1,0,-1]</veh></12></AAR-Altis76232>"
 6:05:53 "<AAR-Altis76232><12><unit>[0,0,0,0,1,500]</unit></12></AAR-Altis76232>"
 6:05:54 "<AAR-Altis76232><13><unit>[0,0,0,0,1,500]</unit></13></AAR-Altis76232>"
 6:05:54 "<AAR-Altis76232><13><veh>[500,25330,21767,115,1,0,-1]</veh></13></AAR-Altis76232>"
 6:05:54 "<AAR-Altis76232><14><veh>[500,25332,21766,111,1,0,-1]</veh></14></AAR-Altis76232>"
 6:05:54 "<AAR-Altis76232><14><unit>[0,0,0,0,1,500]</unit></14></AAR-Altis76232>"
 6:05:55 "<AAR-Altis76232><15><veh>[500,25347,21766,81,1,0,-1]</veh></15></AAR-Altis76232>"
 6:05:55 "<AAR-Altis76232><15><unit>[0,0,0,0,1,500]</unit></15></AAR-Altis76232>"
 6:05:56 "<AAR-Altis76232><16><veh>[500,25362,21774,54,1,0,-1]</veh></16></AAR-Altis76232>"
 6:05:56 "<AAR-Altis76232><16><unit>[0,0,0,0,1,500]</unit></16></AAR-Altis76232>"
 6:05:57 "<AAR-Altis76232><17><unit>[0,0,0,0,1,500]</unit></17></AAR-Altis76232>"
 6:05:57 "<AAR-Altis76232><17><veh>[500,25374,21785,40,1,0,-1]</veh></17></AAR-Altis76232>"
 6:05:57 "<AAR-Altis76232><18><veh>[500,25376,21788,36,1,0,-1]</veh></18></AAR-Altis76232>"
 6:05:57 "<AAR-Altis76232><18><unit>[0,0,0,0,1,500]</unit></18></AAR-Altis76232>"
 6:05:58 "<AAR-Altis76232><19><veh>[500,25386,21807,21,1,0,-1]</veh></19></AAR-Altis76232>"
 6:05:58 "<AAR-Altis76232><19><unit>[0,0,0,0,1,500]</unit></19></AAR-Altis76232>"
 6:05:59 "<AAR-Altis76232><20><veh>[500,25389,21830,359,1,0,-1]</veh></20></AAR-Altis76232>"
 6:05:59 "<AAR-Altis76232><20><unit>[0,0,0,0,1,500]</unit></20></AAR-Altis76232>"
 6:06:00 "<AAR-Altis76232><21><unit>[0,0,0,0,1,500]</unit></21></AAR-Altis76232>"
 6:06:00 "<AAR-Altis76232><21><veh>[500,25386,21849,342,1,0,-1]</veh></21></AAR-Altis76232>"
 6:06:00 "<AAR-Altis76232><22><veh>[500,25384,21854,336,1,0,-1]</veh></22></AAR-Altis76232>"
 6:06:00 "<AAR-Altis76232><22><unit>[0,0,0,0,1,500]</unit></22></AAR-Altis76232>"
 6:06:01 "<AAR-Altis76232><23><veh>[500,25366,21873,310,1,0,-1]</veh></23></AAR-Altis76232>"
 6:06:01 "<AAR-Altis76232><23><unit>[0,0,0,0,1,500]</unit></23></AAR-Altis76232>"
 6:06:02 "<AAR-Altis76232><24><veh>[500,25343,21888,303,1,0,-1]</veh></24></AAR-Altis76232>"
 6:06:02 "<AAR-Altis76232><24><unit>[0,0,0,0,1,500]</unit></24></AAR-Altis76232>"
 6:06:03 "<AAR-Altis76232><25><unit>[0,0,0,0,1,500]</unit></25></AAR-Altis76232>"
 6:06:03 "<AAR-Altis76232><25><veh>[500,25325,21900,303,1,0,-1]</veh></25></AAR-Altis76232>"
 6:06:03 "<AAR-Altis76232><26><veh>[500,25319,21903,306,1,0,-1]</veh></26></AAR-Altis76232>"
 6:06:03 "<AAR-Altis76232><26><unit>[0,0,0,0,1,500]</unit></26></AAR-Altis76232>"
 6:06:04 "<AAR-Altis76232><27><veh>[500,25296,21922,313,1,0,-1]</veh></27></AAR-Altis76232>"
 6:06:04 "<AAR-Altis76232><27><unit>[0,0,0,0,1,500]</unit></27></AAR-Altis76232>"
 6:06:05 "<AAR-Altis76232><28><veh>[500,25273,21945,325,1,0,-1]</veh></28></AAR-Altis76232>"
 6:06:05 "<AAR-Altis76232><28><unit>[0,0,0,0,1,500]</unit></28></AAR-Altis76232>"
 6:06:06 "<AAR-Altis76232><29><unit>[0,0,0,0,1,500]</unit></29></AAR-Altis76232>"
 6:06:06 "<AAR-Altis76232><29><veh>[500,25265,21968,353,1,0,-1]</veh></29></AAR-Altis76232>"
 6:06:06 "<AAR-Altis76232><30><veh>[500,25264,21976,1,1,0,-1]</veh></30></AAR-Altis76232>"
 6:06:06 "<AAR-Altis76232><30><unit>[0,0,0,0,1,500]</unit></30></AAR-Altis76232>"
 6:06:07 "<AAR-Altis76232><31><veh>[500,25263,22008,352,1,0,-1]</veh></31></AAR-Altis76232>"
 6:06:07 "<AAR-Altis76232><31><unit>[0,0,0,0,1,500]</unit></31></AAR-Altis76232>"
 6:06:08 "<AAR-Altis76232><32><veh>[500,25256,22039,345,1,0,-1]</veh></32></AAR-Altis76232>"
 6:06:08 "<AAR-Altis76232><32><unit>[0,0,0,0,1,500]</unit></32></AAR-Altis76232>"
 6:06:09 "<AAR-Altis76232><33><unit>[0,0,0,0,1,500]</unit></33></AAR-Altis76232>"
 6:06:09 "<AAR-Altis76232><33><veh>[500,25253,22062,6,1,0,-1]</veh></33></AAR-Altis76232>"
 6:06:09 "<AAR-Altis76232><34><veh>[500,25254,22071,14,1,0,-1]</veh></34></AAR-Altis76232>"
 6:06:09 "<AAR-Altis76232><34><unit>[0,0,0,0,1,500]</unit></34></AAR-Altis76232>"
 6:06:10 "<AAR-Altis76232><35><veh>[500,25261,22102,8,1,0,-1]</veh></35></AAR-Altis76232>"
 6:06:10 "<AAR-Altis76232><35><unit>[0,0,0,0,1,500]</unit></35></AAR-Altis76232>"
 6:06:12 "<AAR-Altis76232><36><veh>[500,25264,22134,10,1,0,-1]</veh></36></AAR-Altis76232>"
 6:06:12 "<AAR-Altis76232><36><unit>[0,0,0,0,1,500]</unit></36></AAR-Altis76232>"
 6:06:12 "<AAR-Altis76232><37><unit>[0,0,0,0,1,500]</unit></37></AAR-Altis76232>"
 6:06:12 "<AAR-Altis76232><37><veh>[500,25271,22155,19,1,0,-1]</veh></37></AAR-Altis76232>"
 6:06:13 "<AAR-Altis76232><38><veh>[500,25274,22165,12,1,0,-1]</veh></38></AAR-Altis76232>"
 6:06:13 "<AAR-Altis76232><38><unit>[0,0,0,0,1,500]</unit></38></AAR-Altis76232>"
 6:06:14 "<AAR-Altis76232><39><veh>[500,25270,22195,336,1,0,-1]</veh></39></AAR-Altis76232>"
 6:06:14 "<AAR-Altis76232><39><unit>[0,0,0,0,1,500]</unit></39></AAR-Altis76232>"
 6:06:15 "<AAR-Altis76232><40><veh>[500,25258,22223,342,1,0,-1]</veh></40></AAR-Altis76232>"
 6:06:15 "<AAR-Altis76232><40><unit>[0,0,0,0,1,500]</unit></40></AAR-Altis76232>"
 6:06:15 "<AAR-Altis76232><41><unit>[0,0,0,0,1,500]</unit></41></AAR-Altis76232>"
 6:06:15 "<AAR-Altis76232><41><veh>[500,25252,22244,339,1,0,-1]</veh></41></AAR-Altis76232>"
 6:06:16 "<AAR-Altis76232><42><veh>[500,25248,22253,337,1,0,-1]</veh></42></AAR-Altis76232>"
 6:06:16 "<AAR-Altis76232><42><unit>[0,0,0,0,1,500]</unit></42></AAR-Altis76232>"
 6:06:17 "<AAR-Altis76232><43><veh>[500,25242,22285,349,1,0,-1]</veh></43></AAR-Altis76232>"
 6:06:17 "<AAR-Altis76232><43><unit>[0,0,0,0,1,500]</unit></43></AAR-Altis76232>"
 6:06:18 "<AAR-Altis76232><44><veh>[500,25229,22315,332,1,0,-1]</veh></44></AAR-Altis76232>"
 6:06:18 "<AAR-Altis76232><44><unit>[0,0,0,0,1,500]</unit></44></AAR-Altis76232>"
 6:06:18 "<AAR-Altis76232><45><unit>[0,0,0,0,1,500]</unit></45></AAR-Altis76232>"
 6:06:18 "<AAR-Altis76232><45><veh>[500,25220,22334,330,1,0,-1]</veh></45></AAR-Altis76232>"
 6:06:19 "<AAR-Altis76232><46><veh>[500,25214,22342,323,1,0,-1]</veh></46></AAR-Altis76232>"
 6:06:19 "<AAR-Altis76232><46><unit>[0,0,0,0,1,500]</unit></46></AAR-Altis76232>"
 6:06:20 "<AAR-Altis76232><47><veh>[500,25190,22363,297,1,0,-1]</veh></47></AAR-Altis76232>"
 6:06:20 "<AAR-Altis76232><47><unit>[0,0,0,0,1,500]</unit></47></AAR-Altis76232>"
 6:06:21 "<AAR-Altis76232><48><veh>[500,25162,22379,307,1,0,-1]</veh></48></AAR-Altis76232>"
 6:06:21 "<AAR-Altis76232><48><unit>[0,0,0,0,1,500]</unit></48></AAR-Altis76232>"
 6:06:21 "<AAR-Altis76232><49><unit>[0,0,0,0,1,500]</unit></49></AAR-Altis76232>"
 6:06:21 "<AAR-Altis76232><49><veh>[500,25147,22394,323,1,0,-1]</veh></49></AAR-Altis76232>"
 6:06:22 "<AAR-Altis76232><50><veh>[500,25141,22403,329,1,0,-1]</veh></50></AAR-Altis76232>"
 6:06:22 "<AAR-Altis76232><50><unit>[0,0,0,0,1,500]</unit></50></AAR-Altis76232>"
 6:06:23 "<AAR-Altis76232><51><veh>[500,25129,22432,350,1,0,-1]</veh></51></AAR-Altis76232>"
 6:06:23 "<AAR-Altis76232><51><unit>[0,0,0,0,1,500]</unit></51></AAR-Altis76232>"
 6:06:24 "<AAR-Altis76232><52><veh>[500,25125,22462,342,1,0,-1]</veh></52></AAR-Altis76232>"
 6:06:24 "<AAR-Altis76232><52><unit>[0,0,0,0,1,500]</unit></52></AAR-Altis76232>"
 6:06:24 "<AAR-Altis76232><53><unit>[0,0,0,0,1,500]</unit></53></AAR-Altis76232>"
 6:06:24 "<AAR-Altis76232><53><veh>[500,25119,22475,318,1,0,-1]</veh></53></AAR-Altis76232>"
 6:06:25 "<AAR-Altis76232><54><veh>[500,25114,22480,305,1,0,-1]</veh></54></AAR-Altis76232>"
 6:06:25 "<AAR-Altis76232><54><unit>[0,0,0,0,1,500]</unit></54></AAR-Altis76232>"
 6:06:26 "<AAR-Altis76232><55><veh>[500,25109,22485,301,1,0,-1]</veh></55></AAR-Altis76232>"
 6:06:26 "<AAR-Altis76232><55><unit>[0,0,0,0,1,500]</unit></55></AAR-Altis76232>"
 6:06:27 "<AAR-Altis76232><56><veh>[500,25108,22485,301,1,0,-1]</veh></56></AAR-Altis76232>"
 6:06:27 "<AAR-Altis76232><56><unit>[0,0,0,0,1,500]</unit></56></AAR-Altis76232>"
 6:06:27 "<AAR-Altis76232><57><unit>[0,0,0,0,1,500]</unit></57></AAR-Altis76232>"
 6:06:27 "<AAR-Altis76232><57><veh>[500,25109,22485,297,1,0,-1]</veh></57></AAR-Altis76232>"
 6:06:28 "<AAR-Altis76232><58><veh>[500,25110,22484,282,1,0,-1]</veh></58></AAR-Altis76232>"
 6:06:28 "<AAR-Altis76232><58><unit>[0,0,0,0,1,500]</unit></58></AAR-Altis76232>"
 6:06:29 "<AAR-Altis76232><59><veh>[500,25111,22484,277,1,0,-1]</veh></59></AAR-Altis76232>"
 6:06:29 "<AAR-Altis76232><59><unit>[0,0,0,0,1,500]</unit></59></AAR-Altis76232>"
 6:06:30 "<AAR-Altis76232><60><veh>[500,25108,22485,283,1,0,-1]</veh></60></AAR-Altis76232>"
 6:06:30 "<AAR-Altis76232><60><unit>[0,0,0,0,1,500]</unit></60></AAR-Altis76232>"
 6:06:30 "<AAR-Altis76232><61><unit>[0,0,0,0,1,500]</unit></61></AAR-Altis76232>"
 6:06:30 "<AAR-Altis76232><61><veh>[500,25105,22487,312,1,0,-1]</veh></61></AAR-Altis76232>"
 6:06:31 "<AAR-Altis76232><62><veh>[500,25104,22489,329,1,0,-1]</veh></62></AAR-Altis76232>"
 6:06:31 "<AAR-Altis76232><62><unit>[0,0,0,0,1,500]</unit></62></AAR-Altis76232>"
 6:06:32 "<AAR-Altis76232><63><veh>[500,25102,22492,332,1,0,-1]</veh></63></AAR-Altis76232>"
 6:06:32 "<AAR-Altis76232><63><unit>[0,0,0,0,1,500]</unit></63></AAR-Altis76232>"
 6:06:33 "<AAR-Altis76232><64><veh>[500,25100,22495,324,1,0,-1]</veh></64></AAR-Altis76232>"
 6:06:33 "<AAR-Altis76232><64><unit>[0,0,0,0,1,500]</unit></64></AAR-Altis76232>"
 6:06:33 "<AAR-Altis76232><65><unit>[0,0,0,0,1,500]</unit></65></AAR-Altis76232>"
 6:06:33 "<AAR-Altis76232><65><veh>[500,25097,22498,311,1,0,-1]</veh></65></AAR-Altis76232>"
 6:06:34 "<AAR-Altis76232><66><veh>[500,25094,22499,298,1,0,-1]</veh></66></AAR-Altis76232>"
 6:06:34 "<AAR-Altis76232><66><unit>[0,0,0,0,1,500]</unit></66></AAR-Altis76232>"
 6:06:35 "<AAR-Altis76232><67><veh>[500,25086,22498,241,1,0,-1]</veh></67></AAR-Altis76232>"
 6:06:35 "<AAR-Altis76232><67><unit>[0,0,0,0,1,500]</unit></67></AAR-Altis76232>"
 6:06:36 "<AAR-Altis76232><68><veh>[500,25084,22494,210,1,0,-1]</veh></68></AAR-Altis76232>"
 6:06:36 "<AAR-Altis76232><68><unit>[0,0,0,0,1,500]</unit></68></AAR-Altis76232>"
 6:06:36 "<AAR-Altis76232><69><unit>[0,0,0,0,1,500]</unit></69></AAR-Altis76232>"
 6:06:36 "<AAR-Altis76232><69><veh>[500,25083,22492,202,1,0,-1]</veh></69></AAR-Altis76232>"
 6:06:37 "<AAR-Altis76232><70><veh>[500,25083,22492,198,1,0,-1]</veh></70></AAR-Altis76232>"
 6:06:37 "<AAR-Altis76232><70><unit>[0,0,0,0,1,500]</unit></70></AAR-Altis76232>"
 6:06:38 "<AAR-Altis76232><71><veh>[500,25083,22493,216,1,0,-1]</veh></71></AAR-Altis76232>"
 6:06:38 "<AAR-Altis76232><71><unit>[0,0,0,0,1,500]</unit></71></AAR-Altis76232>"
 6:06:39 "<AAR-Altis76232><72><veh>[500,25086,22496,254,1,0,-1]</veh></72></AAR-Altis76232>"
 6:06:39 "<AAR-Altis76232><72><unit>[0,0,0,0,1,500]</unit></72></AAR-Altis76232>"
 6:06:39 "<AAR-Altis76232><73><unit>[0,0,0,0,1,500]</unit></73></AAR-Altis76232>"
 6:06:39 "<AAR-Altis76232><73><veh>[500,25088,22497,265,1,0,-1]</veh></73></AAR-Altis76232>"
 6:06:40 "<AAR-Altis76232><74><veh>[500,25089,22497,266,1,0,-1]</veh></74></AAR-Altis76232>"
 6:06:40 "<AAR-Altis76232><74><unit>[0,0,0,0,1,500]</unit></74></AAR-Altis76232>"
 6:06:41 "<AAR-Altis76232><75><veh>[500,25088,22497,262,1,0,-1]</veh></75></AAR-Altis76232>"
 6:06:41 "<AAR-Altis76232><75><unit>[0,0,0,0,1,500]</unit></75></AAR-Altis76232>"
 6:06:42 "<AAR-Altis76232><76><veh>[500,25084,22494,234,1,0,-1]</veh></76></AAR-Altis76232>"
 6:06:42 "<AAR-Altis76232><76><unit>[0,0,0,0,1,500]</unit></76></AAR-Altis76232>"
 6:06:42 "<AAR-Altis76232><77><unit>[0,0,0,0,1,500]</unit></77></AAR-Altis76232>"
 6:06:42 "<AAR-Altis76232><77><veh>[500,25081,22492,239,1,0,-1]</veh></77></AAR-Altis76232>"
 6:06:43 "<AAR-Altis76232><78><veh>[500,25078,22490,239,1,0,-1]</veh></78></AAR-Altis76232>"
 6:06:43 "<AAR-Altis76232><78><unit>[0,0,0,0,1,500]</unit></78></AAR-Altis76232>"
 6:06:44 "<AAR-Altis76232><79><veh>[500,25078,22490,236,1,0,-1]</veh></79></AAR-Altis76232>"
 6:06:44 "<AAR-Altis76232><79><unit>[0,0,0,0,1,500]</unit></79></AAR-Altis76232>"
 6:06:45 "<AAR-Altis76232><80><veh>[500,25081,22491,273,1,0,-1]</veh></80></AAR-Altis76232>"
 6:06:45 "<AAR-Altis76232><80><unit>[0,0,0,0,1,500]</unit></80></AAR-Altis76232>"
 6:06:45 "<AAR-Altis76232><81><unit>[0,0,0,0,1,500]</unit></81></AAR-Altis76232>"
 6:06:45 "<AAR-Altis76232><81><veh>[500,25084,22491,261,1,0,-1]</veh></81></AAR-Altis76232>"
 6:06:46 "<AAR-Altis76232><82><veh>[500,25086,22492,249,1,0,-1]</veh></82></AAR-Altis76232>"
 6:06:46 "<AAR-Altis76232><82><unit>[0,0,0,0,1,500]</unit></82></AAR-Altis76232>"
 6:06:47 "<AAR-Altis76232><83><veh>[500,25090,22493,231,1,0,-1]</veh></83></AAR-Altis76232>"
 6:06:47 "<AAR-Altis76232><83><unit>[0,0,0,0,1,500]</unit></83></AAR-Altis76232>"
 6:06:48 "<AAR-Altis76232><84><veh>[500,25093,22496,231,1,0,-1]</veh></84></AAR-Altis76232>"
 6:06:48 "<AAR-Altis76232><84><unit>[0,0,0,0,1,500]</unit></84></AAR-Altis76232>"
 6:06:48 "<AAR-Altis76232><85><unit>[0,0,0,0,1,500]</unit></85></AAR-Altis76232>"
 6:06:48 "<AAR-Altis76232><85><veh>[500,25094,22497,231,1,0,-1]</veh></85></AAR-Altis76232>"
 6:06:49 "<AAR-Altis76232><86><veh>[500,25095,22498,231,1,0,-1]</veh></86></AAR-Altis76232>"
 6:06:49 "<AAR-Altis76232><86><unit>[0,0,0,0,1,500]</unit></86></AAR-Altis76232>"
 6:06:50 "<AAR-Altis76232><87><veh>[500,25096,22499,231,1,0,-1]</veh></87></AAR-Altis76232>"
 6:06:50 "<AAR-Altis76232><87><unit>[0,0,0,0,1,500]</unit></87></AAR-Altis76232>"
 6:06:51 "<AAR-Altis76232><88><veh>[500,25096,22499,231,1,0,-1]</veh></88></AAR-Altis76232>"
 6:06:51 "<AAR-Altis76232><88><unit>[0,0,0,0,1,500]</unit></88></AAR-Altis76232>"
 6:06:51 "<AAR-Altis76232><89><unit>[0,0,0,0,1,500]</unit></89></AAR-Altis76232>"
 6:06:51 "<AAR-Altis76232><89><veh>[500,25096,22499,231,1,0,-1]</veh></89></AAR-Altis76232>"
 6:06:52 "<AAR-Altis76232><90><veh>[500,25096,22499,231,1,0,-1]</veh></90></AAR-Altis76232>"
 6:06:52 "<AAR-Altis76232><90><unit>[0,0,0,0,1,500]</unit></90></AAR-Altis76232>"
